<?xml version="1.0" encoding="UTF-8"?>
<!-- Generated by org.testng.reporters.JUnitReportReporter -->
<testsuite hostname="NTBK-TECH1229" failures="0" tests="1" name="com.nancystream.testng.TestNGExample" time="1.780" errors="0" timestamp="2023-01-06T12:07:47 ART" skipped="0">
  <testcase classname="com.nancystream.testng.TestNGExample" name="search_zapatillas" time="1.780"/>
  <system-out/>
</testsuite> <!-- com.nancystream.testng.TestNGExample -->
